#
#
# Sat Sep 29 14:16:45 CEST 2007
#

  Unable to handle format: mpegaudio, 22050.0 Hz, 16-bit, Mono, LittleEndian, Signed, 4000.0 frame rate, FrameSize=16384 bits
Failed to prefetch: com.sun.media.PlaybackEngine@2acc65
Error: Unable to prefetch com.sun.media.PlaybackEngine@2acc65

java.lang.Exception: invalid parameter: lms_course
lms_course=Ingles_2BACH
java.lang.Exception: invalid parameter: lms_unit
lms_unit=Ginos_Trattoria
#
#
# Sat Sep 29 14:30:57 CEST 2007
#

  Unable to handle format: mpegaudio, 22050.0 Hz, 16-bit, Mono, LittleEndian, Signed, 4000.0 frame rate, FrameSize=16384 bits
Failed to prefetch: com.sun.media.PlaybackEngine@102799c
Error: Unable to prefetch com.sun.media.PlaybackEngine@102799c

  Unable to handle format: mpegaudio, 22050.0 Hz, 16-bit, Mono, LittleEndian, Signed, 4000.0 frame rate, FrameSize=16384 bits
Failed to prefetch: com.sun.media.PlaybackEngine@1402d5a
Error: Unable to prefetch com.sun.media.PlaybackEngine@1402d5a

  Unable to handle format: LINEAR, 44100.0 Hz, 16-bit, Stereo, LittleEndian, Signed, 176400.0 frame rate, FrameSize=32 bits
Failed to prefetch: com.sun.media.PlaybackEngine@7244ca
Error: Unable to prefetch com.sun.media.PlaybackEngine@7244ca

  Unable to handle format: LINEAR, 44100.0 Hz, 16-bit, Stereo, LittleEndian, Signed, 176400.0 frame rate, FrameSize=32 bits
Failed to prefetch: com.sun.media.PlaybackEngine@1c18a4c
Error: Unable to prefetch com.sun.media.PlaybackEngine@1c18a4c

  Unable to handle format: LINEAR, 44100.0 Hz, 16-bit, Stereo, LittleEndian, Signed, 176400.0 frame rate, FrameSize=32 bits
Failed to prefetch: com.sun.media.PlaybackEngine@1b7ae22
Error: Unable to prefetch com.sun.media.PlaybackEngine@1b7ae22

  Unable to handle format: LINEAR, 44100.0 Hz, 16-bit, Stereo, LittleEndian, Signed, 176400.0 frame rate, FrameSize=32 bits
Failed to prefetch: com.sun.media.PlaybackEngine@5aebd9
Error: Unable to prefetch com.sun.media.PlaybackEngine@5aebd9

  Unable to handle format: LINEAR, 44100.0 Hz, 16-bit, Stereo, LittleEndian, Signed, 176400.0 frame rate, FrameSize=32 bits
Failed to prefetch: com.sun.media.PlaybackEngine@425743
Error: Unable to prefetch com.sun.media.PlaybackEngine@425743

  Unable to handle format: LINEAR, 44100.0 Hz, 16-bit, Stereo, LittleEndian, Signed, 176400.0 frame rate, FrameSize=32 bits
Failed to prefetch: com.sun.media.PlaybackEngine@129e5e9
Error: Unable to prefetch com.sun.media.PlaybackEngine@129e5e9

  Unable to handle format: LINEAR, 44100.0 Hz, 16-bit, Stereo, LittleEndian, Signed, 176400.0 frame rate, FrameSize=32 bits
Failed to prefetch: com.sun.media.PlaybackEngine@15c97e4
Error: Unable to prefetch com.sun.media.PlaybackEngine@15c97e4

  Unable to handle format: LINEAR, 44100.0 Hz, 16-bit, Stereo, LittleEndian, Signed, 176400.0 frame rate, FrameSize=32 bits
Failed to prefetch: com.sun.media.PlaybackEngine@1df2964
Error: Unable to prefetch com.sun.media.PlaybackEngine@1df2964

  Unable to handle format: LINEAR, 44100.0 Hz, 16-bit, Stereo, LittleEndian, Signed, 176400.0 frame rate, FrameSize=32 bits
Failed to prefetch: com.sun.media.PlaybackEngine@3e926
Error: Unable to prefetch com.sun.media.PlaybackEngine@3e926

  Unable to handle format: LINEAR, 44100.0 Hz, 16-bit, Stereo, LittleEndian, Signed, 176400.0 frame rate, FrameSize=32 bits
Failed to prefetch: com.sun.media.PlaybackEngine@b8d09d
Error: Unable to prefetch com.sun.media.PlaybackEngine@b8d09d

  Unable to handle format: LINEAR, 44100.0 Hz, 16-bit, Stereo, LittleEndian, Signed, 176400.0 frame rate, FrameSize=32 bits
Failed to prefetch: com.sun.media.PlaybackEngine@ebf3f0
Error: Unable to prefetch com.sun.media.PlaybackEngine@ebf3f0

#
#
# Sat Sep 29 14:33:30 CEST 2007
#

  Unable to handle format: mpegaudio, 22050.0 Hz, 16-bit, Mono, LittleEndian, Signed, 4000.0 frame rate, FrameSize=16384 bits
Failed to prefetch: com.sun.media.PlaybackEngine@1901437
Error: Unable to prefetch com.sun.media.PlaybackEngine@1901437

  Unable to handle format: mpegaudio, 22050.0 Hz, 16-bit, Mono, LittleEndian, Signed, 4000.0 frame rate, FrameSize=16384 bits
Failed to prefetch: com.sun.media.PlaybackEngine@1b62aab
Error: Unable to prefetch com.sun.media.PlaybackEngine@1b62aab

#
#
# Sat Sep 29 14:36:59 CEST 2007
#

  Unable to handle format: mpegaudio, 22050.0 Hz, 16-bit, Mono, LittleEndian, Signed, 4000.0 frame rate, FrameSize=16384 bits
Failed to prefetch: com.sun.media.PlaybackEngine@476128
Error: Unable to prefetch com.sun.media.PlaybackEngine@476128

#
#
# Sat Sep 29 15:00:58 CEST 2007
#

#
#
# Sat Sep 29 16:03:43 CEST 2007
#

#
#
# Sat Sep 29 16:04:31 CEST 2007
#

#
#
# Sat Sep 29 16:05:01 CEST 2007
#

#
#
# Sat Sep 29 16:12:54 CEST 2007
#

#
#
# Sat Sep 29 16:15:45 CEST 2007
#

#
#
# Sat Sep 29 16:16:42 CEST 2007
#

#
#
# Sat Sep 29 16:26:17 CEST 2007
#

#
#
# Sat Sep 29 16:28:07 CEST 2007
#

#
#
# Sat Sep 29 16:36:05 CEST 2007
#

#
#
# Sat Sep 29 16:36:26 CEST 2007
#

#
#
# Sat Sep 29 16:42:38 CEST 2007
#

#
#
# Sat Sep 29 16:44:42 CEST 2007
#

#
#
# Sat Sep 29 17:00:54 CEST 2007
#

#
#
# Sat Sep 29 18:20:22 CEST 2007
#

#
#
# Sat Sep 29 18:22:38 CEST 2007
#

#
#
# Sat Sep 29 18:32:48 CEST 2007
#

#
#
# Sat Sep 29 18:41:24 CEST 2007
#

#
#
# Sat Sep 29 18:48:11 CEST 2007
#

#
#
# Sun Apr 20 19:18:53 CEST 2008
#

#
#
# Sun Apr 20 19:24:21 CEST 2008
#

#
#
# Mon Apr 21 23:53:56 CEST 2008
#

#
#
# Mon Apr 21 23:57:06 CEST 2008
#

#
#
# Sun May 25 22:42:38 CEST 2008
#

Exception parsing Script
in text/trans731b.rtf"Script"
Exception parsing Script
in text/trans731b.rtf"Script"
Exception parsing Script
in text/trans731b.rtf"Script"
Exception parsing That's English! - Grammar
in text/gram733.rtf "That's English! - Grammar"
Exception parsing That's English! - Grammar
in text/gram733.rtf "That's English! - Grammar"
Exception parsing That's English! - Grammar
in text/gram733.rtf "That's English! - Grammar"
#
#
# Mon May 26 14:08:13 CEST 2008
#

#
#
# Mon May 26 14:42:56 CEST 2008
#

#
#
# Tue May 27 18:20:49 CEST 2008
#

#
#
# Tue Sep 02 17:20:13 CEST 2008
#

#
#
# Tue Sep 02 17:21:59 CEST 2008
#

#
#
# Tue Sep 02 17:22:11 CEST 2008
#

#
#
# Tue Sep 02 17:39:57 CEST 2008
#

#
#
# Tue Sep 02 17:42:10 CEST 2008
#

#
#
# Wed Nov 05 21:37:33 CET 2008
#

#
#
# Sat Feb 06 02:27:44 CET 2010
#

#
#
# Sat Feb 06 02:29:38 CET 2010
#

#
#
# Thu Jul 08 01:25:40 CEST 2010
#

  Unable to handle format: mpegaudio, 22050.0 Hz, 16-bit, Mono, LittleEndian, Signed, 4000.0 frame rate, FrameSize=16384 bits
Failed to prefetch: com.sun.media.PlaybackEngine@45aa2c
Error: Unable to prefetch com.sun.media.PlaybackEngine@45aa2c

#
#
# Thu Jul 08 01:26:58 CEST 2010
#

  Unable to handle format: mpegaudio, 22050.0 Hz, 16-bit, Mono, LittleEndian, Signed, 4000.0 frame rate, FrameSize=16384 bits
Failed to prefetch: com.sun.media.PlaybackEngine@90fa05
Error: Unable to prefetch com.sun.media.PlaybackEngine@90fa05

#
#
# Sun Jan 09 20:40:24 CET 2011
#

java.lang.Exception: invalid parameter: lms_course
lms_course=Ingles_2BACH
java.lang.Exception: invalid parameter: lms_unit
lms_unit=Ginos_Trattoria
#
#
# Sun Jan 16 23:05:56 CET 2011
#

  Unable to handle format: mpegaudio, 22050.0 Hz, 16-bit, Mono, LittleEndian, Signed, 4000.0 frame rate, FrameSize=16384 bits
Failed to prefetch: com.sun.media.PlaybackEngine@82674b
Error: Unable to prefetch com.sun.media.PlaybackEngine@82674b

  Unable to handle format: mpeglayer3, 48000.0 Hz, 16-bit, Mono, LittleEndian, Signed, 16000.0 frame rate, FrameSize=16384 bits
Failed to prefetch: com.sun.media.PlaybackEngine@577c5e
Error: Unable to prefetch com.sun.media.PlaybackEngine@577c5e

#
#
# Sun Feb 27 22:53:46 CET 2011
#

#
#
# Sat Mar 19 00:58:08 CET 2011
#

UCL LAM detected
127.0.0.1=localhost/127.0.0.1
new LMS_host:127.0.0.1
LAM not connected
#
#
# Sat Mar 19 00:59:10 CET 2011
#

UCL LAM detected
127.0.0.1=localhost/127.0.0.1
new LMS_host:127.0.0.1
LAM not connected
#
#
# Sat Mar 19 01:00:19 CET 2011
#

UCL LAM detected
127.0.0.1=localhost/127.0.0.1
new LMS_host:127.0.0.1
LAM not connected
java.lang.Exception: invalid parameter: lms_course
lms_course=Ingles_1ESO
java.lang.Exception: invalid parameter: lms_unit
lms_unit=My_New_School
#
#
# Wed Jun 13 21:29:15 CEST 2012
#

UCL LAM detected
127.0.0.1=localhost/127.0.0.1
new LMS_host:127.0.0.1
LAM not connected
#
#
# Mon Feb 25 11:42:36 CET 2013
#

UCL LAM detected
127.0.0.1=localhost/127.0.0.1
new LMS_host:127.0.0.1
LAM not connected
java.lang.Exception: invalid parameter: lms_course
lms_course=Ingles_4ESO
java.lang.Exception: invalid parameter: lms_unit
lms_unit=Weather_Forecast
#
#
# Mon Feb 25 11:49:59 CET 2013
#

UCL LAM detected
127.0.0.1=localhost/127.0.0.1
new LMS_host:127.0.0.1
LAM not connected
